16:15:36 **** Build of configuration Debug for project FastCuda ****
make all 
Building file: ../src/FastCuda.cu
Invoking: NVCC Compiler
/usr/local/cuda-8.0/bin/nvcc -G -g -O0 -gencode arch=compute_50,code=sm_50  -odir "src" -M -o "src/FastCuda.d" "../src/FastCuda.cu"
/usr/local/cuda-8.0/bin/nvcc -G -g -O0 --compile --relocatable-device-code=false -gencode arch=compute_50,code=compute_50 -gencode arch=compute_50,code=sm_50  -x cu -o  "src/FastCuda.o" "../src/FastCuda.cu"
../src/FastCuda.cu(12): error: identifier "uchar" is undefined

../src/FastCuda.cu(240): error: identifier "cudaSafeCall" is undefined

../src/FastCuda.cu(245): error: identifier "divUp" is undefined
src/subdir.mk:18: recipe for target 'src/FastCuda.o' failed

../src/FastCuda.cu(253): error: identifier "SingleMask" is undefined

../src/FastCuda.cu(255): error: identifier "WithOutMask" is undefined

../src/FastCuda.cu(260): error: identifier "SingleMask" is undefined

../src/FastCuda.cu(262): error: identifier "WithOutMask" is undefined

../src/FastCuda.cu(317): error: identifier "cudaSafeCall" is undefined

../src/FastCuda.cu(322): error: identifier "divUp" is undefined

9 errors detected in the compilation of "/tmp/tmpxft_00001038_00000000-7_FastCuda.cpp1.ii".
make: *** [src/FastCuda.o] Error 2
16:19:25 **** Incremental Build of configuration Debug for project FastCuda ****
make all 
Building file: ../src/FastCuda.cu
Invoking: NVCC Compiler
/usr/local/cuda-8.0/bin/nvcc -G -g -O0 -gencode arch=compute_50,code=sm_50  -odir "src" -M -o "src/FastCuda.d" "../src/FastCuda.cu"
../src/FastCuda.cu:5:19: fatal error: cutil.h: 没有那个文件或目录
compilation terminated.
make: *** [src/FastCuda.o] Error 1
src/subdir.mk:18: recipe for target 'src/FastCuda.o' failed
16:20:21 **** Build of configuration Debug for project FastCuda ****
make all 
Building file: ../src/FastCuda.cu
Invoking: NVCC Compiler
/usr/local/cuda-8.0/bin/nvcc -G -g -O0 -gencode arch=compute_50,code=sm_50  -odir "src" -M -o "src/FastCuda.d" "../src/FastCuda.cu"
/usr/local/cuda-8.0/bin/nvcc -G -g -O0 --compile --relocatable-device-code=false -gencode arch=compute_50,code=compute_50 -gencode arch=compute_50,code=sm_50  -x cu -o  "src/FastCuda.o" "../src/FastCuda.cu"
../src/FastCuda.cu(13): error: identifier "uchar" is undefined

../src/FastCuda.cu(241): error: identifier "cudaSafeCall" is undefined

../src/FastCuda.cu(246): error: identifier "divUp" is undefined

../src/FastCuda.cu(254): error: identifier "SingleMask" is undefined

../src/FastCuda.cu(256): error: identifier "WithOutMask" is undefined

../src/FastCuda.cu(261): error: identifier "SingleMask" is undefined

../src/FastCuda.cu(263): error: identifier "WithOutMask" is undefined

../src/FastCuda.cu(318): error: identifier "cudaSafeCall" is undefined

../src/FastCuda.cu(323): error: identifier "divUp" is undefined

9 errors detected in the compilation of "/tmp/tmpxft_0000120d_00000000-7_FastCuda.cpp1.ii".
src/subdir.mk:18: recipe for target 'src/FastCuda.o' failed
make: *** [src/FastCuda.o] Error 2
16:35:53 **** Incremental Build of configuration Debug for project FastCuda ****
make all 
Building file: ../src/FastCuda.cu
Invoking: NVCC Compiler
/usr/local/cuda-8.0/bin/nvcc -G -g -O0 -gencode arch=compute_50,code=sm_50  -odir "src" -M -o "src/FastCuda.d" "../src/FastCuda.cu"
/usr/local/cuda-8.0/bin/nvcc -G -g -O0 --compile --relocatable-device-code=false -gencode arch=compute_50,code=compute_50 -gencode arch=compute_50,code=sm_50  -x cu -o  "src/FastCuda.o" "../src/FastCuda.cu"
../src/mask.hpp(73): error: identifier "uchar" is undefined

../src/mask.hpp(74): error: identifier "ForceGlob" is undefined

../src/mask.hpp(74): error: identifier "uchar" is undefined

../src/mask.hpp(74): error: the global scope has no "Load"

../src/FastCuda.cu(14): error: identifier "uchar" is undefined

../src/FastCuda.cu(247): error: identifier "divUp" is undefined

6 errors detected in the compilation of "/tmp/tmpxft_00001390_00000000-7_FastCuda.cpp1.ii".
src/subdir.mk:18: recipe for target 'src/FastCuda.o' failed
make: *** [src/FastCuda.o] Error 2
16:37:25 **** Incremental Build of configuration Debug for project FastCuda ****
make all 
Building file: ../src/FastCuda.cu
Invoking: NVCC Compiler
/usr/local/cuda-8.0/bin/nvcc -G -g -O0 -gencode arch=compute_50,code=sm_50  -odir "src" -M -o "src/FastCuda.d" "../src/FastCuda.cu"
/usr/local/cuda-8.0/bin/nvcc -G -g -O0 --compile --relocatable-device-code=false -gencode arch=compute_50,code=compute_50 -gencode arch=compute_50,code=sm_50  -x cu -o  "src/FastCuda.o" "../src/FastCuda.cu"
../src/FastCuda.cu(14): error: identifier "uchar" is undefined

1 error detected in the compilation of "/tmp/tmpxft_00001410_00000000-7_FastCuda.cpp1.ii".
make: *** [src/FastCuda.o] Error 2
src/subdir.mk:18: recipe for target 'src/FastCuda.o' failed
16:39:45 **** Incremental Build of configuration Debug for project FastCuda ****
make all 
Building file: ../src/FastCuda.cu
Invoking: NVCC Compiler
/usr/local/cuda-8.0/bin/nvcc -G -g -O0 -gencode arch=compute_50,code=sm_50  -odir "src" -M -o "src/FastCuda.d" "../src/FastCuda.cu"
/usr/local/cuda-8.0/bin/nvcc -G -g -O0 --compile --relocatable-device-code=false -gencode arch=compute_50,code=compute_50 -gencode arch=compute_50,code=sm_50  -x cu -o  "src/FastCuda.o" "../src/FastCuda.cu"
../src/FastCuda.cu(18): error: zero-sized variables are not allowed in device code

../src/FastCuda.cu(18): error: zero-sized variables are not allowed in device code

2 errors detected in the compilation of "/tmp/tmpxft_000014ac_00000000-11_FastCuda.cpp3.i".
src/subdir.mk:18: recipe for target 'src/FastCuda.o' failed
make: *** [src/FastCuda.o] Error 1
16:40:15 **** Incremental Build of configuration Debug for project FastCuda ****
make all 
Building file: ../src/FastCuda.cu
Invoking: NVCC Compiler
/usr/local/cuda-8.0/bin/nvcc -G -g -O0 -gencode arch=compute_50,code=sm_50  -odir "src" -M -o "src/FastCuda.d" "../src/FastCuda.cu"
/usr/local/cuda-8.0/bin/nvcc -G -g -O0 --compile --relocatable-device-code=false -gencode arch=compute_50,code=compute_50 -gencode arch=compute_50,code=sm_50  -x cu -o  "src/FastCuda.o" "../src/FastCuda.cu"
Finished building: ../src/FastCuda.cu
 
Building target: FastCuda
Invoking: NVCC Linker
/usr/local/cuda-8.0/bin/nvcc --cudart static --relocatable-device-code=false -gencode arch=compute_50,code=compute_50 -gencode arch=compute_50,code=sm_50 -link -o  "FastCuda"  ./src/FastCuda.o   
/usr/lib/gcc/x86_64-linux-gnu/5/../../../x86_64-linux-gnu/crt1.o：在函数‘_start’中：
(.text+0x20)：对‘main’未定义的引用
collect2: error: ld returned 1 exit status
makefile:59: recipe for target 'FastCuda' failed
make: *** [FastCuda] Error 1
16:41:19 **** Incremental Build of configuration Debug for project FastCuda ****
make all 
Building file: ../src/FastCuda.cu
Invoking: NVCC Compiler
/usr/local/cuda-8.0/bin/nvcc -G -g -O0 -gencode arch=compute_50,code=sm_50  -odir "src" -M -o "src/FastCuda.d" "../src/FastCuda.cu"
/usr/local/cuda-8.0/bin/nvcc -G -g -O0 --compile --relocatable-device-code=false -gencode arch=compute_50,code=compute_50 -gencode arch=compute_50,code=sm_50  -x cu -o  "src/FastCuda.o" "../src/FastCuda.cu"
../src/FastCuda.cu(350): error: identifier "printf" is undefined

1 error detected in the compilation of "/tmp/tmpxft_000015c3_00000000-5_FastCuda.cpp4.ii".
make: *** [src/FastCuda.o] Error 2
src/subdir.mk:18: recipe for target 'src/FastCuda.o' failed
16:42:11 **** Incremental Build of configuration Debug for project FastCuda ****
make all 
Building file: ../src/FastCuda.cu
Invoking: NVCC Compiler
/usr/local/cuda-8.0/bin/nvcc -G -g -O0 -gencode arch=compute_50,code=sm_50  -odir "src" -M -o "src/FastCuda.d" "../src/FastCuda.cu"
/usr/local/cuda-8.0/bin/nvcc -G -g -O0 --compile --relocatable-device-code=false -gencode arch=compute_50,code=compute_50 -gencode arch=compute_50,code=sm_50  -x cu -o  "src/FastCuda.o" "../src/FastCuda.cu"
Finished building: ../src/FastCuda.cu
 
Building target: FastCuda
Invoking: NVCC Linker
/usr/local/cuda-8.0/bin/nvcc --cudart static --relocatable-device-code=false -gencode arch=compute_50,code=compute_50 -gencode arch=compute_50,code=sm_50 -link -o  "FastCuda"  ./src/FastCuda.o   
Finished building target: FastCuda
 
17:53:16 **** Build of configuration Debug for project FastTest ****
make all 
make: Nothing to be done for 'all'.
18:03:40 **** Incremental Build of configuration Debug for project FastTest ****
make all 
Building file: ../src/main.cpp
Invoking: NVCC Compiler
/usr/local/cuda-8.0/bin/nvcc -G -g -O0   -odir "src" -M -o "src/main.d" "../src/main.cpp"
nvcc warning : The 'compute_20', 'sm_20', and 'sm_21' architectures are deprecated, and may be removed in a future release (Use -Wno-deprecated-gpu-targets to suppress warning).
/usr/local/cuda-8.0/bin/nvcc -G -g -O0 --compile  -x c++ -o  "src/main.o" "../src/main.cpp"
nvcc warning : The 'compute_20', 'sm_20', and 'sm_21' architectures are deprecated, and may be removed in a future release (Use -Wno-deprecated-gpu-targets to suppress warning).
../src/main.cpp: In function ‘cv::cuda::GpuMat loadMat(const cv::Mat&, bool)’:
../src/main.cpp:14:54: error: ‘createMat’ was not declared in this scope
     GpuMat d_m = createMat(m.size(), m.type(), useRoi);
                                                      ^
../src/main.cpp: In function ‘int main()’:
../src/main.cpp:37:48: error: too few arguments to function ‘cv::cuda::GpuMat loadMat(const cv::Mat&, bool)’
  fastDetector_->detectAsync(loadMat(testImgGray), fastKpRange);
                                                ^
../src/main.cpp:12:8: note: declared here
 GpuMat loadMat(const Mat& m, bool useRoi)
        ^
make: *** [src/main.o] Error 1
src/subdir.mk:18: recipe for target 'src/main.o' failed
18:04:18 **** Incremental Build of configuration Debug for project FastTest ****
make all 
Building file: ../src/main.cpp
Invoking: NVCC Compiler
/usr/local/cuda-8.0/bin/nvcc -G -g -O0   -odir "src" -M -o "src/main.d" "../src/main.cpp"
nvcc warning : The 'compute_20', 'sm_20', and 'sm_21' architectures are deprecated, and may be removed in a future release (Use -Wno-deprecated-gpu-targets to suppress warning).
/usr/local/cuda-8.0/bin/nvcc -G -g -O0 --compile  -x c++ -o  "src/main.o" "../src/main.cpp"
nvcc warning : The 'compute_20', 'sm_20', and 'sm_21' architectures are deprecated, and may be removed in a future release (Use -Wno-deprecated-gpu-targets to suppress warning).
../src/main.cpp: In function ‘cv::cuda::GpuMat loadMat(const cv::Mat&, bool)’:
../src/main.cpp:14:54: error: ‘createMat’ was not declared in this scope
     GpuMat d_m = createMat(m.size(), m.type(), useRoi);
                                                      ^
src/subdir.mk:18: recipe for target 'src/main.o' failed
make: *** [src/main.o] Error 1
18:05:50 **** Incremental Build of configuration Debug for project FastTest ****
make all 
Building file: ../src/main.cpp
Invoking: NVCC Compiler
/usr/local/cuda-8.0/bin/nvcc -G -g -O0   -odir "src" -M -o "src/main.d" "../src/main.cpp"
nvcc warning : The 'compute_20', 'sm_20', and 'sm_21' architectures are deprecated, and may be removed in a future release (Use -Wno-deprecated-gpu-targets to suppress warning).
../src/main.cpp:7:27: fatal error: opencv2/mat.hpp: 没有那个文件或目录
compilation terminated.
make: *** [src/main.o] Error 1
src/subdir.mk:18: recipe for target 'src/main.o' failed
18:05:59 **** Incremental Build of configuration Debug for project FastTest ****
make all 
Building file: ../src/main.cpp
Invoking: NVCC Compiler
/usr/local/cuda-8.0/bin/nvcc -G -g -O0   -odir "src" -M -o "src/main.d" "../src/main.cpp"
nvcc warning : The 'compute_20', 'sm_20', and 'sm_21' architectures are deprecated, and may be removed in a future release (Use -Wno-deprecated-gpu-targets to suppress warning).
/usr/local/cuda-8.0/bin/nvcc -G -g -O0 --compile  -x c++ -o  "src/main.o" "../src/main.cpp"
nvcc warning : The 'compute_20', 'sm_20', and 'sm_21' architectures are deprecated, and may be removed in a future release (Use -Wno-deprecated-gpu-targets to suppress warning).
../src/main.cpp: In function ‘cv::cuda::GpuMat createMat(cv::Size, int, bool)’:
../src/main.cpp:18:39: error: ‘randomInt’ was not declared in this scope
         size0.width += randomInt(5, 15);
                                       ^
src/subdir.mk:18: recipe for target 'src/main.o' failed
make: *** [src/main.o] Error 1
18:06:36 **** Incremental Build of configuration Debug for project FastTest ****
make all 
Building file: ../src/main.cpp
Invoking: NVCC Compiler
/usr/local/cuda-8.0/bin/nvcc -G -g -O0   -odir "src" -M -o "src/main.d" "../src/main.cpp"
nvcc warning : The 'compute_20', 'sm_20', and 'sm_21' architectures are deprecated, and may be removed in a future release (Use -Wno-deprecated-gpu-targets to suppress warning).
/usr/local/cuda-8.0/bin/nvcc -G -g -O0 --compile  -x c++ -o  "src/main.o" "../src/main.cpp"
nvcc warning : The 'compute_20', 'sm_20', and 'sm_21' architectures are deprecated, and may be removed in a future release (Use -Wno-deprecated-gpu-targets to suppress warning).
Finished building: ../src/main.cpp
 
Building target: FastTest
Invoking: NVCC Linker
/usr/local/cuda-8.0/bin/nvcc --cudart shared -L/usr/local/lib --relocatable-device-code=false -link -o  "FastTest"  ./src/main.o   -lopencv_cudabgsegm -lopencv_cudaobjdetect -lopencv_cudastereo -lopencv_shape -lopencv_stitching -lopencv_cudafeatures2d -lopencv_superres -lopencv_cudacodec -lopencv_videostab -lopencv_cudaoptflow -lopencv_cudalegacy -lopencv_calib3d -lopencv_features2d -lopencv_objdetect -lopencv_highgui -lopencv_videoio -lopencv_photo -lopencv_imgcodecs -lopencv_cudawarping -lopencv_cudaimgproc -lopencv_cudafilters -lopencv_video -lopencv_ml -lopencv_imgproc -lopencv_flann -lopencv_cudaarithm -lopencv_core -lopencv_cudev
nvcc warning : The 'compute_20', 'sm_20', and 'sm_21' architectures are deprecated, and may be removed in a future release (Use -Wno-deprecated-gpu-targets to suppress warning).
Finished building target: FastTest
 
18:07:05 **** Incremental Build of configuration Debug for project FastTest ****
make all 
Building file: ../src/main.cpp
Invoking: NVCC Compiler
/usr/local/cuda-8.0/bin/nvcc -G -g -O0   -odir "src" -M -o "src/main.d" "../src/main.cpp"
nvcc warning : The 'compute_20', 'sm_20', and 'sm_21' architectures are deprecated, and may be removed in a future release (Use -Wno-deprecated-gpu-targets to suppress warning).
/usr/local/cuda-8.0/bin/nvcc -G -g -O0 --compile  -x c++ -o  "src/main.o" "../src/main.cpp"
nvcc warning : The 'compute_20', 'sm_20', and 'sm_21' architectures are deprecated, and may be removed in a future release (Use -Wno-deprecated-gpu-targets to suppress warning).
Finished building: ../src/main.cpp
 
Building target: FastTest
Invoking: NVCC Linker
/usr/local/cuda-8.0/bin/nvcc --cudart shared -L/usr/local/lib --relocatable-device-code=false -link -o  "FastTest"  ./src/main.o   -lopencv_cudabgsegm -lopencv_cudaobjdetect -lopencv_cudastereo -lopencv_shape -lopencv_stitching -lopencv_cudafeatures2d -lopencv_superres -lopencv_cudacodec -lopencv_videostab -lopencv_cudaoptflow -lopencv_cudalegacy -lopencv_calib3d -lopencv_features2d -lopencv_objdetect -lopencv_highgui -lopencv_videoio -lopencv_photo -lopencv_imgcodecs -lopencv_cudawarping -lopencv_cudaimgproc -lopencv_cudafilters -lopencv_video -lopencv_ml -lopencv_imgproc -lopencv_flann -lopencv_cudaarithm -lopencv_core -lopencv_cudev
nvcc warning : The 'compute_20', 'sm_20', and 'sm_21' architectures are deprecated, and may be removed in a future release (Use -Wno-deprecated-gpu-targets to suppress warning).
Finished building target: FastTest
 
18:08:08 **** Incremental Build of configuration Debug for project FastTest ****
make all 
Building file: ../src/main.cpp
Invoking: NVCC Compiler
/usr/local/cuda-8.0/bin/nvcc -G -g -O0   -odir "src" -M -o "src/main.d" "../src/main.cpp"
nvcc warning : The 'compute_20', 'sm_20', and 'sm_21' architectures are deprecated, and may be removed in a future release (Use -Wno-deprecated-gpu-targets to suppress warning).
/usr/local/cuda-8.0/bin/nvcc -G -g -O0 --compile  -x c++ -o  "src/main.o" "../src/main.cpp"
nvcc warning : The 'compute_20', 'sm_20', and 'sm_21' architectures are deprecated, and may be removed in a future release (Use -Wno-deprecated-gpu-targets to suppress warning).
../src/main.cpp: In function ‘int main()’:
../src/main.cpp:61:74: error: invalid initialization of reference of type ‘const std::vector<cv::KeyPoint>&’ from expression of type ‘cv::cuda::GpuMat’
     drawKeypoints(testImg, fastKpRange, result, Scalar::all(-1), drawmode);
                                                                          ^
In file included from /usr/local/include/opencv2/cudafeatures2d.hpp:51:0,
                 from ../src/main.cpp:2:
/usr/local/include/opencv2/features2d.hpp:1145:19: note: in passing argument 2 of ‘void cv::drawKeypoints(cv::InputArray, const std::vector<cv::KeyPoint>&, cv::InputOutputArray, const Scalar&, int)’
 CV_EXPORTS_W void drawKeypoints( InputArray image, const std::vector<KeyPoint>& keypoints, InputOutputArray outImage,
                   ^
make: *** [src/main.o] Error 1
src/subdir.mk:18: recipe for target 'src/main.o' failed
18:11:32 **** Incremental Build of configuration Debug for project FastTest ****
make all 
Building file: ../src/main.cpp
Invoking: NVCC Compiler
/usr/local/cuda-8.0/bin/nvcc -G -g -O0   -odir "src" -M -o "src/main.d" "../src/main.cpp"
nvcc warning : The 'compute_20', 'sm_20', and 'sm_21' architectures are deprecated, and may be removed in a future release (Use -Wno-deprecated-gpu-targets to suppress warning).
/usr/local/cuda-8.0/bin/nvcc -G -g -O0 --compile  -x c++ -o  "src/main.o" "../src/main.cpp"
nvcc warning : The 'compute_20', 'sm_20', and 'sm_21' architectures are deprecated, and may be removed in a future release (Use -Wno-deprecated-gpu-targets to suppress warning).
Finished building: ../src/main.cpp
 
Building target: FastTest
Invoking: NVCC Linker
/usr/local/cuda-8.0/bin/nvcc --cudart shared -L/usr/local/lib --relocatable-device-code=false -link -o  "FastTest"  ./src/main.o   -lopencv_cudabgsegm -lopencv_cudaobjdetect -lopencv_cudastereo -lopencv_shape -lopencv_stitching -lopencv_cudafeatures2d -lopencv_superres -lopencv_cudacodec -lopencv_videostab -lopencv_cudaoptflow -lopencv_cudalegacy -lopencv_calib3d -lopencv_features2d -lopencv_objdetect -lopencv_highgui -lopencv_videoio -lopencv_photo -lopencv_imgcodecs -lopencv_cudawarping -lopencv_cudaimgproc -lopencv_cudafilters -lopencv_video -lopencv_ml -lopencv_imgproc -lopencv_flann -lopencv_cudaarithm -lopencv_core -lopencv_cudev
nvcc warning : The 'compute_20', 'sm_20', and 'sm_21' architectures are deprecated, and may be removed in a future release (Use -Wno-deprecated-gpu-targets to suppress warning).
Finished building target: FastTest
 
18:13:59 **** Incremental Build of configuration Debug for project FastTest ****
make all 
Building file: ../src/main.cpp
Invoking: NVCC Compiler
/usr/local/cuda-8.0/bin/nvcc -G -g -O0   -odir "src" -M -o "src/main.d" "../src/main.cpp"
nvcc warning : The 'compute_20', 'sm_20', and 'sm_21' architectures are deprecated, and may be removed in a future release (Use -Wno-deprecated-gpu-targets to suppress warning).
/usr/local/cuda-8.0/bin/nvcc -G -g -O0 --compile  -x c++ -o  "src/main.o" "../src/main.cpp"
nvcc warning : The 'compute_20', 'sm_20', and 'sm_21' architectures are deprecated, and may be removed in a future release (Use -Wno-deprecated-gpu-targets to suppress warning).
Finished building: ../src/main.cpp
 
Building target: FastTest
Invoking: NVCC Linker
/usr/local/cuda-8.0/bin/nvcc --cudart shared -L/usr/local/lib --relocatable-device-code=false -link -o  "FastTest"  ./src/main.o   -lopencv_cudabgsegm -lopencv_cudaobjdetect -lopencv_cudastereo -lopencv_shape -lopencv_stitching -lopencv_cudafeatures2d -lopencv_superres -lopencv_cudacodec -lopencv_videostab -lopencv_cudaoptflow -lopencv_cudalegacy -lopencv_calib3d -lopencv_features2d -lopencv_objdetect -lopencv_highgui -lopencv_videoio -lopencv_photo -lopencv_imgcodecs -lopencv_cudawarping -lopencv_cudaimgproc -lopencv_cudafilters -lopencv_video -lopencv_ml -lopencv_imgproc -lopencv_flann -lopencv_cudaarithm -lopencv_core -lopencv_cudev
nvcc warning : The 'compute_20', 'sm_20', and 'sm_21' architectures are deprecated, and may be removed in a future release (Use -Wno-deprecated-gpu-targets to suppress warning).
Finished building target: FastTest
 
18:18:45 **** Incremental Build of configuration Debug for project FastTest ****
make all 
make: Nothing to be done for 'all'.
